2025-07-07 17:41:25 - INFO - === Git AI Committer Session Started ===
2025-07-07 17:41:25 - INFO - Analyzing repository: /Users/sumitridhal/code/upgrade/unified-partner-ui
2025-07-07 17:41:25 - INFO - Log file: /Users/sumitridhal/code/dev/commit-ai/logs/commit_analysis_20250707_174125.log
2025-07-07 17:41:25 - INFO - 🤖 Generating AI summary...
2025-07-07 17:41:32 - INFO - 
================================================================================
2025-07-07 17:41:32 - INFO - 🕐 Development Summary - Last 1 Hour
2025-07-07 17:41:32 - INFO - ================================================================================
2025-07-07 17:41:32 - INFO - ## Development Summary - Last Hour (2025-07-07)

**1. 📊 Summary Statistics**

* **Total commits:** 12
* **Time period:** Last 1 hour
* **Contributors involved:** Sumit Ridhal (sole contributor)


**2. 🎯 Key Developments**

This hour saw significant development focused on enhancing the partner section of the application, integrating GraphQL, and improving the user experience.  Key developments include:

* **GraphQL Integration:**  Apollo Client and GraphQL were added (`feat(deps): add Apollo Client & GraphQL`), laying the groundwork for improved data fetching and management.  Subsequent commits leveraged this integration for partner offerings (`feat(api): add GraphQL client and related hooks for partner offerings`, `feat(api): add CWE partner query`).
* **Partner Section Enhancement:**  A major refactoring of partner pages (`refactor(partner): restructure partner pages`) improved the architecture. New features were added, including a Partner Offerings Section (`feat(preview): add PartnerOfferingsSection`), search functionality (`feat(partner-list): add search functionality`), and new partner-related APIs (`feat(api): add CWE partner query`).  This involved substantial changes to multiple components and models (`src/components/preview/`, `src/models/`, `src/features/partner/`).
* **UI/UX Improvements:** New images were added (`feat(assets): add 3 new images`), and styling enhancements were made to the search component (`style(search): add styling to search`).
* **Release:** Version 9.18.20250707 was released (`Release version 9.18.20250707`).


**3. 📁 Files & Areas Affected**

The changes primarily impacted the frontend (`*.tsx`, `*.svg`, `*.scss`), with significant modifications to:

* **`src/components/preview/`:**  This directory saw extensive additions and modifications,  reflecting the major work on the partner offering preview section.
* **`src/components/search/`:**  New search functionality was added.
* **`src/features/api/`:** New GraphQL APIs and related hooks were implemented.
* **`src/models/`:** Model updates reflect the restructuring of partner data.
* **`public/images/`:** New images were added.
* **`package.json` & `package-lock.json`:** Dependencies were updated to include Apollo Client and GraphQL.


**Impact Assessment:**  The changes are substantial and likely impact the user experience for searching and viewing partner information.  Thorough testing is recommended, especially around the new GraphQL integration and partner section features.


**4. 🔄 Development Patterns**

* **Change Types:**  The majority of commits are feature additions (`feat`), with some refactoring (`refactor`) and styling (`style`) changes.
* **Development Intensity:**  The activity was concentrated in the last hour, showing a burst of focused development.
* **Notable Patterns:**  A clear pattern emerges of adding new features related to partners, driven by the GraphQL integration.


**5. 💡 Insights & Recommendations**

* **Code Quality:**  Given the significant code additions, a thorough code review is highly recommended to ensure code quality and maintainability.  The `eslint` configuration was also updated, indicating a focus on improving code style.
* **Potential Areas of Concern:** The substantial changes in the partner section require comprehensive testing to ensure proper functionality and integration with other parts of the application. Regression testing is crucial.
* **Suggested Next Steps:**
    * **Testing:** Conduct thorough unit, integration, and end-to-end tests, focusing on the new GraphQL APIs and the partner section features.
    * **Code Review:** Initiate a code review process for all the changes made in this hour.
    * **Documentation:** Update documentation to reflect the new features and changes.



2025-07-07 17:41:32 - INFO - ================================================================================
